2017-12-07 15:37:17,628  INFO AppConfig:55 - Spring Rest API Service Initialized
2017-12-07 15:37:19,016  INFO RequestMappingHandlerMapping:549 - Mapped "{[/],methods=[GET]}" onto public java.lang.String com.company.controller.HomeController.home(java.util.Locale,org.springframework.ui.Model)
2017-12-07 15:37:19,026  INFO RequestMappingHandlerMapping:549 - Mapped "{[/v1/current-accounts/{accountId}/transactions],methods=[GET]}" onto public java.util.List<com.company.datatransferobject.TransactionDTO> com.company.controller.TransactionsController.accountTransactions(java.lang.String) throws com.company.exception.DataNotFoundException
2017-12-07 15:37:19,027  INFO RequestMappingHandlerMapping:549 - Mapped "{[/v1/current-accounts/{accountId}/transactions/{transactionType}],methods=[GET]}" onto public java.util.List<com.company.datatransferobject.TransactionDTO> com.company.controller.TransactionsController.transactionsByType(java.lang.String,java.lang.String) throws com.company.exception.DataNotFoundException
2017-12-07 15:37:19,028  INFO RequestMappingHandlerMapping:549 - Mapped "{[/v1/current-accounts/{accountId}/transactions/{transactionType}/totals],methods=[GET]}" onto public java.util.Map<java.lang.String, java.lang.Double> com.company.controller.TransactionsController.transactionTotalAmount(java.lang.String,java.lang.String) throws com.company.exception.DataNotFoundException
2017-12-07 15:37:19,047  INFO RequestMappingHandlerMapping:549 - Mapped "{[/swagger-resources]}" onto public org.springframework.http.ResponseEntity<java.util.List<springfox.documentation.swagger.web.SwaggerResource>> springfox.documentation.swagger.web.ApiResourceController.swaggerResources()
2017-12-07 15:37:19,049  INFO RequestMappingHandlerMapping:549 - Mapped "{[/swagger-resources/configuration/security]}" onto public org.springframework.http.ResponseEntity<springfox.documentation.swagger.web.SecurityConfiguration> springfox.documentation.swagger.web.ApiResourceController.securityConfiguration()
2017-12-07 15:37:19,051  INFO RequestMappingHandlerMapping:549 - Mapped "{[/swagger-resources/configuration/ui]}" onto public org.springframework.http.ResponseEntity<springfox.documentation.swagger.web.UiConfiguration> springfox.documentation.swagger.web.ApiResourceController.uiConfiguration()
2017-12-07 15:37:19,308  INFO SimpleUrlHandlerMapping:373 - Mapped URL path [/swagger-ui.html] onto handler of type [class org.springframework.web.servlet.resource.ResourceHttpRequestHandler]
2017-12-07 15:37:19,312  INFO SimpleUrlHandlerMapping:373 - Mapped URL path [/**] onto handler of type [class org.springframework.web.servlet.resource.DefaultServletHttpRequestHandler]
2017-12-07 15:37:19,410  INFO RequestMappingHandlerAdapter:568 - Looking for @ControllerAdvice: org.springframework.web.context.support.GenericWebApplicationContext@10bbd20a: startup date [Thu Dec 07 15:37:15 COT 2017]; root of context hierarchy
2017-12-07 15:37:19,531  INFO ExceptionHandlerExceptionResolver:287 - Detected @ExceptionHandler methods in exceptionsAppHandler
2017-12-07 15:37:19,709  INFO PropertySourcedRequestMappingHandlerMapping:69 - Mapped URL path [/v2/api-docs] onto method [public org.springframework.http.ResponseEntity<springfox.documentation.spring.web.json.Json> springfox.documentation.swagger2.web.Swagger2Controller.getDocumentation(java.lang.String,javax.servlet.http.HttpServletRequest)]
2017-12-07 15:37:20,149  INFO DefaultSecurityFilterChain:43 - Creating filter chain: org.springframework.security.web.util.matcher.AnyRequestMatcher@1, [org.springframework.security.web.context.request.async.WebAsyncManagerIntegrationFilter@3fdecce, org.springframework.security.web.context.SecurityContextPersistenceFilter@21a66d45, org.springframework.security.web.header.HeaderWriterFilter@4e92466a, org.springframework.security.web.authentication.logout.LogoutFilter@16ade133, org.springframework.security.web.authentication.www.BasicAuthenticationFilter@4647881c, org.springframework.security.web.savedrequest.RequestCacheAwareFilter@63fdffcd, org.springframework.security.web.servletapi.SecurityContextHolderAwareRequestFilter@2a9bc08f, org.springframework.security.web.authentication.AnonymousAuthenticationFilter@344426bf, org.springframework.security.web.session.SessionManagementFilter@12958360, org.springframework.security.web.access.ExceptionTranslationFilter@68dcfd52, org.springframework.security.web.access.intercept.FilterSecurityInterceptor@49cf9028]
2017-12-07 15:37:20,283  INFO DefaultLifecycleProcessor:353 - Starting beans in phase 2147483647
2017-12-07 15:37:20,292  INFO DocumentationPluginsBootstrapper:147 - Context refreshed
2017-12-07 15:37:20,330  INFO DocumentationPluginsBootstrapper:150 - Found 1 custom documentation plugin(s)
2017-12-07 15:37:20,368  INFO ApiListingReferenceScanner:41 - Scanning for api listing references
2017-12-07 15:37:20,716  INFO GenericWebApplicationContext:989 - Closing org.springframework.web.context.support.GenericWebApplicationContext@10bbd20a: startup date [Thu Dec 07 15:37:15 COT 2017]; root of context hierarchy
2017-12-07 15:37:20,720  INFO DefaultLifecycleProcessor:368 - Stopping beans in phase 2147483647
2017-12-07 15:37:40,038  INFO AppConfig:55 - Spring Rest API Service Initialized
2017-12-07 15:37:42,181  INFO RequestMappingHandlerMapping:549 - Mapped "{[/],methods=[GET]}" onto public java.lang.String com.company.controller.HomeController.home(java.util.Locale,org.springframework.ui.Model)
2017-12-07 15:37:42,196  INFO RequestMappingHandlerMapping:549 - Mapped "{[/v1/current-accounts/{accountId}/transactions],methods=[GET]}" onto public java.util.List<com.company.datatransferobject.TransactionDTO> com.company.controller.TransactionsController.accountTransactions(java.lang.String) throws com.company.exception.DataNotFoundException
2017-12-07 15:37:42,197  INFO RequestMappingHandlerMapping:549 - Mapped "{[/v1/current-accounts/{accountId}/transactions/{transactionType}],methods=[GET]}" onto public java.util.List<com.company.datatransferobject.TransactionDTO> com.company.controller.TransactionsController.transactionsByType(java.lang.String,java.lang.String) throws com.company.exception.DataNotFoundException
2017-12-07 15:37:42,199  INFO RequestMappingHandlerMapping:549 - Mapped "{[/v1/current-accounts/{accountId}/transactions/{transactionType}/totals],methods=[GET]}" onto public java.util.Map<java.lang.String, java.lang.Double> com.company.controller.TransactionsController.transactionTotalAmount(java.lang.String,java.lang.String) throws com.company.exception.DataNotFoundException
2017-12-07 15:37:42,216  INFO RequestMappingHandlerMapping:549 - Mapped "{[/swagger-resources/configuration/ui]}" onto public org.springframework.http.ResponseEntity<springfox.documentation.swagger.web.UiConfiguration> springfox.documentation.swagger.web.ApiResourceController.uiConfiguration()
2017-12-07 15:37:42,217  INFO RequestMappingHandlerMapping:549 - Mapped "{[/swagger-resources]}" onto public org.springframework.http.ResponseEntity<java.util.List<springfox.documentation.swagger.web.SwaggerResource>> springfox.documentation.swagger.web.ApiResourceController.swaggerResources()
2017-12-07 15:37:42,223  INFO RequestMappingHandlerMapping:549 - Mapped "{[/swagger-resources/configuration/security]}" onto public org.springframework.http.ResponseEntity<springfox.documentation.swagger.web.SecurityConfiguration> springfox.documentation.swagger.web.ApiResourceController.securityConfiguration()
2017-12-07 15:37:42,453  INFO SimpleUrlHandlerMapping:373 - Mapped URL path [/swagger-ui.html] onto handler of type [class org.springframework.web.servlet.resource.ResourceHttpRequestHandler]
2017-12-07 15:37:42,459  INFO SimpleUrlHandlerMapping:373 - Mapped URL path [/**] onto handler of type [class org.springframework.web.servlet.resource.DefaultServletHttpRequestHandler]
2017-12-07 15:37:42,599  INFO RequestMappingHandlerAdapter:568 - Looking for @ControllerAdvice: org.springframework.web.context.support.GenericWebApplicationContext@133e16fd: startup date [Thu Dec 07 15:37:37 COT 2017]; root of context hierarchy
2017-12-07 15:37:42,696  INFO ExceptionHandlerExceptionResolver:287 - Detected @ExceptionHandler methods in exceptionsAppHandler
2017-12-07 15:37:42,812  INFO PropertySourcedRequestMappingHandlerMapping:69 - Mapped URL path [/v2/api-docs] onto method [public org.springframework.http.ResponseEntity<springfox.documentation.spring.web.json.Json> springfox.documentation.swagger2.web.Swagger2Controller.getDocumentation(java.lang.String,javax.servlet.http.HttpServletRequest)]
2017-12-07 15:37:43,308  INFO DefaultSecurityFilterChain:43 - Creating filter chain: org.springframework.security.web.util.matcher.AnyRequestMatcher@1, [org.springframework.security.web.context.request.async.WebAsyncManagerIntegrationFilter@2bef09c0, org.springframework.security.web.context.SecurityContextPersistenceFilter@21422231, org.springframework.security.web.header.HeaderWriterFilter@4a8df3e2, org.springframework.security.web.authentication.logout.LogoutFilter@72e789cb, org.springframework.security.web.authentication.www.BasicAuthenticationFilter@67c119b7, org.springframework.security.web.savedrequest.RequestCacheAwareFilter@7186333e, org.springframework.security.web.servletapi.SecurityContextHolderAwareRequestFilter@26722665, org.springframework.security.web.authentication.AnonymousAuthenticationFilter@62ce72ff, org.springframework.security.web.session.SessionManagementFilter@26a2f7f9, org.springframework.security.web.access.ExceptionTranslationFilter@151db587, org.springframework.security.web.access.intercept.FilterSecurityInterceptor@40298285]
2017-12-07 15:37:43,527  INFO DefaultLifecycleProcessor:353 - Starting beans in phase 2147483647
2017-12-07 15:37:43,528  INFO DocumentationPluginsBootstrapper:147 - Context refreshed
2017-12-07 15:37:43,591  INFO DocumentationPluginsBootstrapper:150 - Found 1 custom documentation plugin(s)
2017-12-07 15:37:43,627  INFO ApiListingReferenceScanner:41 - Scanning for api listing references
2017-12-07 15:37:44,078  INFO WebTestContextBootstrapper:317 - Neither @ContextConfiguration nor @ContextHierarchy found for test class [com.company.controller.TransactionsControllerTest], using WebDelegatingSmartContextLoader
2017-12-07 15:37:44,079  INFO AbstractContextLoader:264 - Could not detect default resource locations for test class [com.company.controller.TransactionsControllerTest]: no resource found for suffixes {-context.xml}.
2017-12-07 15:37:44,079  INFO AnnotationConfigContextLoaderUtils:82 - Could not detect default configuration classes for test class [com.company.controller.TransactionsControllerTest]: TransactionsControllerTest does not declare any static, non-private, non-final, nested classes annotated with @Configuration.
2017-12-07 15:37:44,080  INFO WebTestContextBootstrapper:257 - Loaded default TestExecutionListener class names from location [META-INF/spring.factories]: [org.springframework.test.context.web.ServletTestExecutionListener, org.springframework.test.context.support.DirtiesContextBeforeModesTestExecutionListener, org.springframework.test.context.support.DependencyInjectionTestExecutionListener, org.springframework.test.context.support.DirtiesContextTestExecutionListener, org.springframework.test.context.transaction.TransactionalTestExecutionListener, org.springframework.test.context.jdbc.SqlScriptsTestExecutionListener]
2017-12-07 15:37:44,081  INFO WebTestContextBootstrapper:206 - Could not instantiate TestExecutionListener [org.springframework.test.context.transaction.TransactionalTestExecutionListener]. Specify custom listener classes or make the default listener classes (and their required dependencies) available. Offending class: [org/springframework/transaction/interceptor/TransactionAttributeSource]
2017-12-07 15:37:44,082  INFO WebTestContextBootstrapper:206 - Could not instantiate TestExecutionListener [org.springframework.test.context.jdbc.SqlScriptsTestExecutionListener]. Specify custom listener classes or make the default listener classes (and their required dependencies) available. Offending class: [org/springframework/transaction/interceptor/TransactionAttribute]
2017-12-07 15:37:44,083  INFO WebTestContextBootstrapper:184 - Using TestExecutionListeners: [org.springframework.test.context.web.ServletTestExecutionListener@3872bc37, org.springframework.test.context.support.DirtiesContextBeforeModesTestExecutionListener@1a87b51, org.springframework.test.context.support.DependencyInjectionTestExecutionListener@12968227, org.springframework.test.context.support.DirtiesContextTestExecutionListener@144ab54]
2017-12-07 15:37:44,087  INFO GenericWebApplicationContext:589 - Refreshing org.springframework.web.context.support.GenericWebApplicationContext@2cfa2c4f: startup date [Thu Dec 07 15:37:44 COT 2017]; root of context hierarchy
2017-12-07 15:37:44,090  INFO AutowiredAnnotationBeanPostProcessor:154 - JSR-330 'javax.inject.Inject' annotation found and supported for autowiring
2017-12-07 15:37:44,573  INFO WebTestContextBootstrapper:317 - Neither @ContextConfiguration nor @ContextHierarchy found for test class [com.company.service.TransactionServiceTest], using WebDelegatingSmartContextLoader
2017-12-07 15:37:44,574  INFO AbstractContextLoader:264 - Could not detect default resource locations for test class [com.company.service.TransactionServiceTest]: no resource found for suffixes {-context.xml}.
2017-12-07 15:37:44,574  INFO AnnotationConfigContextLoaderUtils:82 - Could not detect default configuration classes for test class [com.company.service.TransactionServiceTest]: TransactionServiceTest does not declare any static, non-private, non-final, nested classes annotated with @Configuration.
2017-12-07 15:37:44,575  INFO WebTestContextBootstrapper:257 - Loaded default TestExecutionListener class names from location [META-INF/spring.factories]: [org.springframework.test.context.web.ServletTestExecutionListener, org.springframework.test.context.support.DirtiesContextBeforeModesTestExecutionListener, org.springframework.test.context.support.DependencyInjectionTestExecutionListener, org.springframework.test.context.support.DirtiesContextTestExecutionListener, org.springframework.test.context.transaction.TransactionalTestExecutionListener, org.springframework.test.context.jdbc.SqlScriptsTestExecutionListener]
2017-12-07 15:37:44,576  INFO WebTestContextBootstrapper:206 - Could not instantiate TestExecutionListener [org.springframework.test.context.transaction.TransactionalTestExecutionListener]. Specify custom listener classes or make the default listener classes (and their required dependencies) available. Offending class: [org/springframework/transaction/interceptor/TransactionAttributeSource]
2017-12-07 15:37:44,577  INFO WebTestContextBootstrapper:206 - Could not instantiate TestExecutionListener [org.springframework.test.context.jdbc.SqlScriptsTestExecutionListener]. Specify custom listener classes or make the default listener classes (and their required dependencies) available. Offending class: [org/springframework/transaction/interceptor/TransactionAttribute]
2017-12-07 15:37:44,577  INFO WebTestContextBootstrapper:184 - Using TestExecutionListeners: [org.springframework.test.context.web.ServletTestExecutionListener@43045f9f, org.springframework.test.context.support.DirtiesContextBeforeModesTestExecutionListener@2643d762, org.springframework.test.context.support.DependencyInjectionTestExecutionListener@6403e24c, org.springframework.test.context.support.DirtiesContextTestExecutionListener@2f236de0]
2017-12-07 15:37:44,737  INFO GenericWebApplicationContext:989 - Closing org.springframework.web.context.support.GenericWebApplicationContext@133e16fd: startup date [Thu Dec 07 15:37:37 COT 2017]; root of context hierarchy
2017-12-07 15:37:44,738  INFO GenericWebApplicationContext:989 - Closing org.springframework.web.context.support.GenericWebApplicationContext@2cfa2c4f: startup date [Thu Dec 07 15:37:44 COT 2017]; root of context hierarchy
2017-12-07 15:37:44,741  INFO DefaultLifecycleProcessor:368 - Stopping beans in phase 2147483647
2017-12-07 15:37:57,866  INFO AppConfig:55 - Spring Rest API Service Initialized
2017-12-07 15:38:00,066  INFO RequestMappingHandlerMapping:549 - Mapped "{[/],methods=[GET]}" onto public java.lang.String com.company.controller.HomeController.home(java.util.Locale,org.springframework.ui.Model)
2017-12-07 15:38:00,082  INFO RequestMappingHandlerMapping:549 - Mapped "{[/v1/current-accounts/{accountId}/transactions],methods=[GET]}" onto public java.util.List<com.company.datatransferobject.TransactionDTO> com.company.controller.TransactionsController.accountTransactions(java.lang.String) throws com.company.exception.DataNotFoundException
2017-12-07 15:38:00,082  INFO RequestMappingHandlerMapping:549 - Mapped "{[/v1/current-accounts/{accountId}/transactions/{transactionType}],methods=[GET]}" onto public java.util.List<com.company.datatransferobject.TransactionDTO> com.company.controller.TransactionsController.transactionsByType(java.lang.String,java.lang.String) throws com.company.exception.DataNotFoundException
2017-12-07 15:38:00,083  INFO RequestMappingHandlerMapping:549 - Mapped "{[/v1/current-accounts/{accountId}/transactions/{transactionType}/totals],methods=[GET]}" onto public java.util.Map<java.lang.String, java.lang.Double> com.company.controller.TransactionsController.transactionTotalAmount(java.lang.String,java.lang.String) throws com.company.exception.DataNotFoundException
2017-12-07 15:38:00,097  INFO RequestMappingHandlerMapping:549 - Mapped "{[/swagger-resources/configuration/ui]}" onto public org.springframework.http.ResponseEntity<springfox.documentation.swagger.web.UiConfiguration> springfox.documentation.swagger.web.ApiResourceController.uiConfiguration()
2017-12-07 15:38:00,099  INFO RequestMappingHandlerMapping:549 - Mapped "{[/swagger-resources/configuration/security]}" onto public org.springframework.http.ResponseEntity<springfox.documentation.swagger.web.SecurityConfiguration> springfox.documentation.swagger.web.ApiResourceController.securityConfiguration()
2017-12-07 15:38:00,101  INFO RequestMappingHandlerMapping:549 - Mapped "{[/swagger-resources]}" onto public org.springframework.http.ResponseEntity<java.util.List<springfox.documentation.swagger.web.SwaggerResource>> springfox.documentation.swagger.web.ApiResourceController.swaggerResources()
2017-12-07 15:38:01,271  INFO DefaultSecurityFilterChain:43 - Creating filter chain: org.springframework.security.web.util.matcher.AnyRequestMatcher@1, [org.springframework.security.web.context.request.async.WebAsyncManagerIntegrationFilter@6b379e02, org.springframework.security.web.context.SecurityContextPersistenceFilter@475e9ea0, org.springframework.security.web.header.HeaderWriterFilter@60b126ce, org.springframework.security.web.authentication.logout.LogoutFilter@3337e058, org.springframework.security.web.authentication.www.BasicAuthenticationFilter@7d13e712, org.springframework.security.web.savedrequest.RequestCacheAwareFilter@69bcecc0, org.springframework.security.web.servletapi.SecurityContextHolderAwareRequestFilter@18036f60, org.springframework.security.web.authentication.AnonymousAuthenticationFilter@1c2e680d, org.springframework.security.web.session.SessionManagementFilter@4bfdf33d, org.springframework.security.web.access.ExceptionTranslationFilter@1a948854, org.springframework.security.web.access.intercept.FilterSecurityInterceptor@66fec7fd]
2017-12-07 15:38:01,389  INFO SimpleUrlHandlerMapping:373 - Mapped URL path [/swagger-ui.html] onto handler of type [class org.springframework.web.servlet.resource.ResourceHttpRequestHandler]
2017-12-07 15:38:01,396  INFO SimpleUrlHandlerMapping:373 - Mapped URL path [/**] onto handler of type [class org.springframework.web.servlet.resource.DefaultServletHttpRequestHandler]
2017-12-07 15:38:01,526  INFO RequestMappingHandlerAdapter:568 - Looking for @ControllerAdvice: WebApplicationContext for namespace 'dispatcher-servlet': startup date [Thu Dec 07 15:37:55 COT 2017]; root of context hierarchy
2017-12-07 15:38:01,656  INFO ExceptionHandlerExceptionResolver:287 - Detected @ExceptionHandler methods in exceptionsAppHandler
2017-12-07 15:38:01,816  INFO PropertySourcedRequestMappingHandlerMapping:69 - Mapped URL path [/v2/api-docs] onto method [public org.springframework.http.ResponseEntity<springfox.documentation.spring.web.json.Json> springfox.documentation.swagger2.web.Swagger2Controller.getDocumentation(java.lang.String,javax.servlet.http.HttpServletRequest)]
2017-12-07 15:38:01,965  INFO DefaultLifecycleProcessor:353 - Starting beans in phase 2147483647
2017-12-07 15:38:01,965  INFO DocumentationPluginsBootstrapper:147 - Context refreshed
2017-12-07 15:38:02,026  INFO DocumentationPluginsBootstrapper:150 - Found 1 custom documentation plugin(s)
2017-12-07 15:38:02,080  INFO ApiListingReferenceScanner:41 - Scanning for api listing references
2017-12-07 15:38:02,707  INFO DispatcherServlet:513 - FrameworkServlet 'dispatcher': initialization completed in 7027 ms
2017-12-07 15:38:35,136  INFO HomeController:25 - Initialazing swagger... The client locale is en_US.
2017-12-07 15:38:35,157  INFO LoggingInterceptor:26 - method: GET	uri: /spring-rest-api-openbank/	status: 302	remoteAddress: 0:0:0:0:0:0:0:1	
2017-12-07 15:38:35,206  INFO LoggingInterceptor:26 - method: GET	uri: /spring-rest-api-openbank/swagger-ui.html	status: 200	remoteAddress: 0:0:0:0:0:0:0:1	
2017-12-07 15:38:36,341  INFO LoggingInterceptor:26 - method: GET	uri: /spring-rest-api-openbank/swagger-resources/configuration/ui	status: 200	remoteAddress: 0:0:0:0:0:0:0:1	
2017-12-07 15:38:36,364  INFO LoggingInterceptor:26 - method: GET	uri: /spring-rest-api-openbank/swagger-resources	status: 200	remoteAddress: 0:0:0:0:0:0:0:1	
2017-12-07 15:38:36,756  INFO LoggingInterceptor:26 - method: GET	uri: /spring-rest-api-openbank/swagger-resources/configuration/security	status: 200	remoteAddress: 0:0:0:0:0:0:0:1	
